LispWorks(R): The Common Lisp Programming Environment Personal Edition
Copyright (C) 1987-2019 LispWorks Ltd.  All rights reserved.
Version 7.1.2
Saved by LispWorks as lispworks-personal-7-1-2-amd64-linux, at 29 Nov 2019 18:00
User try on simpleton
X-IO-ERROR on ":0 {Lispworks}" : Fatal IO error 11 ("Resource temporarily unavailable") 
Setting default environment to the TTY environment.
Error: X-IO-ERROR on ":0 {Lispworks}" : Fatal IO error 11 ("Resource temporarily unavailable") 
LispWorks(R): The Common Lisp Programming Environment Personal Edition
Copyright (C) 1987-2019 LispWorks Ltd.  All rights reserved.
Version 7.1.2
Saved by LispWorks as lispworks-personal-7-1-2-amd64-linux, at 29 Nov 2019 18:00
User try on simpleton
warning: expected name after CMapName in cmap
warning: ... repeated 4 times...
warning: expected name after CMapName in cmap
warning: ... repeated 2 times...
Hanging Editor 1
Hanging CAPI Execution Listener 1
Hanging Background execute 0
LispWorks(R): The Common Lisp Programming Environment Personal Edition
Copyright (C) 1987-2019 LispWorks Ltd.  All rights reserved.
Version 7.1.2
Saved by LispWorks as lispworks-personal-7-1-2-amd64-linux, at 29 Nov 2019 18:00
User try on simpleton
Hanging Listener 1
Hanging CAPI Execution Listener 1
Hanging Background execute 0
LispWorks(R): The Common Lisp Programming Environment Personal Edition
Copyright (C) 1987-2019 LispWorks Ltd.  All rights reserved.
Version 7.1.2
Saved by LispWorks as lispworks-personal-7-1-2-amd64-linux, at 29 Nov 2019 18:00
User try on simpleton
Hanging Editor 1
Hanging CAPI Execution Listener 1
Hanging Background execute 0
LispWorks Personal Edition run time limit exceeded.
LispWorks(R): The Common Lisp Programming Environment Personal Edition
Copyright (C) 1987-2019 LispWorks Ltd.  All rights reserved.
Version 7.1.2
Saved by LispWorks as lispworks-personal-7-1-2-amd64-linux, at 29 Nov 2019 18:00
User try on simpleton
warning: expected name after CMapName in cmap
warning: ... repeated 4 times...
warning: expected name after CMapName in cmap
warning: ... repeated 2 times...
LispWorks(R): The Common Lisp Programming Environment Personal Edition
Copyright (C) 1987-2019 LispWorks Ltd.  All rights reserved.
Version 7.1.2
Saved by LispWorks as lispworks-personal-7-1-2-amd64-linux, at 29 Nov 2019 18:00
User try on simpleton
X connection to :0.0 broken (explicit kill or server shutdown).
warning: expected name after CMapName in cmap
warning: ... repeated 4 times...
warning: expected name after CMapName in cmap
warning: ... repeated 2 times...
LispWorks(R): The Common Lisp Programming Environment Personal Edition
Copyright (C) 1987-2019 LispWorks Ltd.  All rights reserved.
Version 7.1.2
Saved by LispWorks as lispworks-personal-7-1-2-amd64-linux, at 29 Nov 2019 18:00
User try on simpleton
Hanging CAPI Execution Listener 1
Hanging Background execute 0
LispWorks Personal Edition run time limit exceeded.
warning: expected name after CMapName in cmap
warning: ... repeated 4 times...
warning: expected name after CMapName in cmap
warning: ... repeated 2 times...
LispWorks(R): The Common Lisp Programming Environment Personal Edition
Copyright (C) 1987-2019 LispWorks Ltd.  All rights reserved.
Version 7.1.2
Saved by LispWorks as lispworks-personal-7-1-2-amd64-linux, at 29 Nov 2019 18:00
User try on simpleton
LispWorks(R): The Common Lisp Programming Environment Personal Edition
Copyright (C) 1987-2019 LispWorks Ltd.  All rights reserved.
Version 7.1.2
Saved by LispWorks as lispworks-personal-7-1-2-amd64-linux, at 29 Nov 2019 18:00
User try on simpleton
LispWorks(R): The Common Lisp Programming Environment Personal Edition
Copyright (C) 1987-2019 LispWorks Ltd.  All rights reserved.
Version 7.1.2
Saved by LispWorks as lispworks-personal-7-1-2-amd64-linux, at 29 Nov 2019 18:00
User try on simpleton
LispWorks(R): The Common Lisp Programming Environment Personal Edition
Copyright (C) 1987-2019 LispWorks Ltd.  All rights reserved.
Version 7.1.2
Saved by LispWorks as lispworks-personal-7-1-2-amd64-linux, at 29 Nov 2019 18:00
User try on simpleton
LispWorks(R): The Common Lisp Programming Environment Personal Edition
Copyright (C) 1987-2019 LispWorks Ltd.  All rights reserved.
Version 7.1.2
Saved by LispWorks as lispworks-personal-7-1-2-amd64-linux, at 29 Nov 2019 18:00
User try on simpleton
LispWorks(R): The Common Lisp Programming Environment Personal Edition
Copyright (C) 1987-2019 LispWorks Ltd.  All rights reserved.
Version 7.1.2
Saved by LispWorks as lispworks-personal-7-1-2-amd64-linux, at 29 Nov 2019 18:00
User try on simpleton
Hanging Editor 1
LispWorks(R): The Common Lisp Programming Environment Personal Edition
Copyright (C) 1987-2019 LispWorks Ltd.  All rights reserved.
Version 7.1.2
Saved by LispWorks as lispworks-personal-7-1-2-amd64-linux, at 29 Nov 2019 18:00
User try on simpleton
LispWorks Personal Edition run time limit exceeded.
Hanging Listener 1
Hanging CAPI Execution Listener 1
Hanging Background execute 0
LispWorks(R): The Common Lisp Programming Environment Personal Edition
Copyright (C) 1987-2019 LispWorks Ltd.  All rights reserved.
Version 7.1.2
Saved by LispWorks as lispworks-personal-7-1-2-amd64-linux, at 29 Nov 2019 18:00
User try on simpleton
Hanging Listener 1
Hanging CAPI Execution Listener 1
Hanging Background execute 0
LispWorks(R): The Common Lisp Programming Environment Personal Edition
Copyright (C) 1987-2019 LispWorks Ltd.  All rights reserved.
Version 7.1.2
Saved by LispWorks as lispworks-personal-7-1-2-amd64-linux, at 29 Nov 2019 18:00
User try on simpleton
X connection to :0.0 broken (explicit kill or server shutdown).
LispWorks(R): The Common Lisp Programming Environment Personal Edition
Copyright (C) 1987-2019 LispWorks Ltd.  All rights reserved.
Version 7.1.2
Saved by LispWorks as lispworks-personal-7-1-2-amd64-linux, at 29 Nov 2019 18:00
User try on simpleton
warning: expected name after CMapName in cmap
warning: ... repeated 4 times...
warning: expected name after CMapName in cmap
warning: ... repeated 2 times...
Hanging Listener 1
Hanging Background execute 0
LispWorks Personal Edition memory limit exceeded.
LispWorks(R): The Common Lisp Programming Environment Personal Edition
Copyright (C) 1987-2019 LispWorks Ltd.  All rights reserved.
Version 7.1.2
Saved by LispWorks as lispworks-personal-7-1-2-amd64-linux, at 29 Nov 2019 18:00
User try on simpleton
Hanging Listener 2
Hanging CAPI Execution Listener 2
Hanging Background execute 0
Hanging Listener 2
Hanging Editor 2
Hanging Background execute 0
LispWorks Personal Edition memory limit exceeded.
LispWorks(R): The Common Lisp Programming Environment Personal Edition
Copyright (C) 1987-2019 LispWorks Ltd.  All rights reserved.
Version 7.1.2
Saved by LispWorks as lispworks-personal-7-1-2-amd64-linux, at 29 Nov 2019 18:00
User try on simpleton
X connection to :0.0 broken (explicit kill or server shutdown).
LispWorks(R): The Common Lisp Programming Environment Personal Edition
Copyright (C) 1987-2019 LispWorks Ltd.  All rights reserved.
Version 7.1.2
Saved by LispWorks as lispworks-personal-7-1-2-amd64-linux, at 29 Nov 2019 18:00
User try on simpleton
warning: expected name after CMapName in cmap
warning: ... repeated 4 times...
warning: expected name after CMapName in cmap
warning: ... repeated 2 times...
Hanging LispWorks Personal Edition 7.1.2 (64-bit) on simpleton
Hanging Listener 1
Hanging Editor 1
Hanging Background execute 0
LispWorks Personal Edition memory limit exceeded.
LispWorks(R): The Common Lisp Programming Environment Personal Edition
Copyright (C) 1987-2019 LispWorks Ltd.  All rights reserved.
Version 7.1.2
Saved by LispWorks as lispworks-personal-7-1-2-amd64-linux, at 29 Nov 2019 18:00
User try on simpleton
Hanging LispWorks Personal Edition 7.1.2 (64-bit) on simpleton
Hanging Listener 1
Hanging Editor 1
Hanging Background execute 0
LispWorks(R): The Common Lisp Programming Environment Personal Edition
Copyright (C) 1987-2019 LispWorks Ltd.  All rights reserved.
Version 7.1.2
Saved by LispWorks as lispworks-personal-7-1-2-amd64-linux, at 29 Nov 2019 18:00
User try on simpleton
Hanging LispWorks Personal Edition 7.1.2 (64-bit) on simpleton
Hanging CAPI Execution Listener 1
X connection to :0.0 broken (explicit kill or server shutdown).
LispWorks(R): The Common Lisp Programming Environment Personal Edition
Copyright (C) 1987-2019 LispWorks Ltd.  All rights reserved.
Version 7.1.2
Saved by LispWorks as lispworks-personal-7-1-2-amd64-linux, at 29 Nov 2019 18:00
User try on simpleton
warning: expected name after CMapName in cmap
warning: ... repeated 4 times...
warning: expected name after CMapName in cmap
warning: ... repeated 2 times...
Hanging LispWorks Personal Edition 7.1.2 (64-bit) on simpleton
Hanging CAPI Execution Listener 1
LispWorks Personal Edition run time limit exceeded.
LispWorks(R): The Common Lisp Programming Environment Personal Edition
Copyright (C) 1987-2019 LispWorks Ltd.  All rights reserved.
Version 7.1.2
Saved by LispWorks as lispworks-personal-7-1-2-amd64-linux, at 29 Nov 2019 18:00
User try on simpleton
Hanging LispWorks Personal Edition 7.1.2 (64-bit) on simpleton
Hanging Listener 1
Hanging Editor 1
Hanging Background execute 0
LispWorks Personal Edition memory limit exceeded.
X connection to :0.0 broken (explicit kill or server shutdown).
LispWorks(R): The Common Lisp Programming Environment Personal Edition
Copyright (C) 1987-2019 LispWorks Ltd.  All rights reserved.
Version 7.1.2
Saved by LispWorks as lispworks-personal-7-1-2-amd64-linux, at 29 Nov 2019 18:00
User try on simpleton
warning: expected name after CMapName in cmap
warning: ... repeated 4 times...
warning: expected name after CMapName in cmap
warning: ... repeated 2 times...
mupdf: warning: Using separations.
X connection to :0.0 broken (explicit kill or server shutdown).
